# SIZE = 120
1 1 1 0 0 0 0 0 0 0       #0
1 1 0 1 0 0 0 0 0 0       #1
1 0 1 1 0 0 0 0 0 0       #2
0 1 1 1 0 0 0 0 0 0       #3
1 1 0 0 1 0 0 0 0 0       #4
1 0 1 0 1 0 0 0 0 0       #5
0 1 1 0 1 0 0 0 0 0       #6
1 0 0 1 1 0 0 0 0 0       #7
0 1 0 1 1 0 0 0 0 0       #8
0 0 1 1 1 0 0 0 0 0       #9
1 1 0 0 0 1 0 0 0 0       #10
1 0 1 0 0 1 0 0 0 0       #11
0 1 1 0 0 1 0 0 0 0       #12
1 0 0 1 0 1 0 0 0 0       #13
0 1 0 1 0 1 0 0 0 0       #14
0 0 1 1 0 1 0 0 0 0       #15
1 0 0 0 1 1 0 0 0 0       #16
0 1 0 0 1 1 0 0 0 0       #17
0 0 1 0 1 1 0 0 0 0       #18
0 0 0 1 1 1 0 0 0 0       #19
1 1 0 0 0 0 1 0 0 0       #20
1 0 1 0 0 0 1 0 0 0       #21
0 1 1 0 0 0 1 0 0 0       #22
1 0 0 1 0 0 1 0 0 0       #23
0 1 0 1 0 0 1 0 0 0       #24
0 0 1 1 0 0 1 0 0 0       #25
1 0 0 0 1 0 1 0 0 0       #26
0 1 0 0 1 0 1 0 0 0       #27
0 0 1 0 1 0 1 0 0 0       #28
0 0 0 1 1 0 1 0 0 0       #29
1 0 0 0 0 1 1 0 0 0       #30
0 1 0 0 0 1 1 0 0 0       #31
0 0 1 0 0 1 1 0 0 0       #32
0 0 0 1 0 1 1 0 0 0       #33
0 0 0 0 1 1 1 0 0 0       #34
1 1 0 0 0 0 0 1 0 0       #35
1 0 1 0 0 0 0 1 0 0       #36
0 1 1 0 0 0 0 1 0 0       #37
1 0 0 1 0 0 0 1 0 0       #38
0 1 0 1 0 0 0 1 0 0       #39
0 0 1 1 0 0 0 1 0 0       #40
1 0 0 0 1 0 0 1 0 0       #41
0 1 0 0 1 0 0 1 0 0       #42
0 0 1 0 1 0 0 1 0 0       #43
0 0 0 1 1 0 0 1 0 0       #44
1 0 0 0 0 1 0 1 0 0       #45
0 1 0 0 0 1 0 1 0 0       #46
0 0 1 0 0 1 0 1 0 0       #47
0 0 0 1 0 1 0 1 0 0       #48
0 0 0 0 1 1 0 1 0 0       #49
1 0 0 0 0 0 1 1 0 0       #50
0 1 0 0 0 0 1 1 0 0       #51
0 0 1 0 0 0 1 1 0 0       #52
0 0 0 1 0 0 1 1 0 0       #53
0 0 0 0 1 0 1 1 0 0       #54
0 0 0 0 0 1 1 1 0 0       #55
1 1 0 0 0 0 0 0 1 0       #56
1 0 1 0 0 0 0 0 1 0       #57
0 1 1 0 0 0 0 0 1 0       #58
1 0 0 1 0 0 0 0 1 0       #59
0 1 0 1 0 0 0 0 1 0       #60
0 0 1 1 0 0 0 0 1 0       #61
1 0 0 0 1 0 0 0 1 0       #62
0 1 0 0 1 0 0 0 1 0       #63
0 0 1 0 1 0 0 0 1 0       #64
0 0 0 1 1 0 0 0 1 0       #65
1 0 0 0 0 1 0 0 1 0       #66
0 1 0 0 0 1 0 0 1 0       #67
0 0 1 0 0 1 0 0 1 0       #68
0 0 0 1 0 1 0 0 1 0       #69
0 0 0 0 1 1 0 0 1 0       #70
1 0 0 0 0 0 1 0 1 0       #71
0 1 0 0 0 0 1 0 1 0       #72
0 0 1 0 0 0 1 0 1 0       #73
0 0 0 1 0 0 1 0 1 0       #74
0 0 0 0 1 0 1 0 1 0       #75
0 0 0 0 0 1 1 0 1 0       #76
1 0 0 0 0 0 0 1 1 0       #77
0 1 0 0 0 0 0 1 1 0       #78
0 0 1 0 0 0 0 1 1 0       #79
0 0 0 1 0 0 0 1 1 0       #80
0 0 0 0 1 0 0 1 1 0       #81
0 0 0 0 0 1 0 1 1 0       #82
0 0 0 0 0 0 1 1 1 0       #83
1 1 0 0 0 0 0 0 0 1       #84
1 0 1 0 0 0 0 0 0 1       #85
0 1 1 0 0 0 0 0 0 1       #86
1 0 0 1 0 0 0 0 0 1       #87
0 1 0 1 0 0 0 0 0 1       #88
0 0 1 1 0 0 0 0 0 1       #89
1 0 0 0 1 0 0 0 0 1       #90
0 1 0 0 1 0 0 0 0 1       #91
0 0 1 0 1 0 0 0 0 1       #92
0 0 0 1 1 0 0 0 0 1       #93
1 0 0 0 0 1 0 0 0 1       #94
0 1 0 0 0 1 0 0 0 1       #95
0 0 1 0 0 1 0 0 0 1       #96
0 0 0 1 0 1 0 0 0 1       #97
0 0 0 0 1 1 0 0 0 1       #98
1 0 0 0 0 0 1 0 0 1       #99
0 1 0 0 0 0 1 0 0 1       #100
0 0 1 0 0 0 1 0 0 1       #101
0 0 0 1 0 0 1 0 0 1       #102
0 0 0 0 1 0 1 0 0 1       #103
0 0 0 0 0 1 1 0 0 1       #104
1 0 0 0 0 0 0 1 0 1       #105
0 1 0 0 0 0 0 1 0 1       #106
0 0 1 0 0 0 0 1 0 1       #107
0 0 0 1 0 0 0 1 0 1       #108
0 0 0 0 1 0 0 1 0 1       #109
0 0 0 0 0 1 0 1 0 1       #110
0 0 0 0 0 0 1 1 0 1       #111
1 0 0 0 0 0 0 0 1 1       #112
0 1 0 0 0 0 0 0 1 1       #113
0 0 1 0 0 0 0 0 1 1       #114
0 0 0 1 0 0 0 0 1 1       #115
0 0 0 0 1 0 0 0 1 1       #116
0 0 0 0 0 1 0 0 1 1       #117
0 0 0 0 0 0 1 0 1 1       #118
0 0 0 0 0 0 0 1 1 1       #119
