# SIZE = 45
1 1 1 1 1 1 1 1 0 0       #0
1 1 1 1 1 1 1 0 1 0       #1
1 1 1 1 1 1 0 1 1 0       #2
1 1 1 1 1 0 1 1 1 0       #3
1 1 1 1 0 1 1 1 1 0       #4
1 1 1 0 1 1 1 1 1 0       #5
1 1 0 1 1 1 1 1 1 0       #6
1 0 1 1 1 1 1 1 1 0       #7
0 1 1 1 1 1 1 1 1 0       #8
1 1 1 1 1 1 1 0 0 1       #9
1 1 1 1 1 1 0 1 0 1       #10
1 1 1 1 1 0 1 1 0 1       #11
1 1 1 1 0 1 1 1 0 1       #12
1 1 1 0 1 1 1 1 0 1       #13
1 1 0 1 1 1 1 1 0 1       #14
1 0 1 1 1 1 1 1 0 1       #15
0 1 1 1 1 1 1 1 0 1       #16
1 1 1 1 1 1 0 0 1 1       #17
1 1 1 1 1 0 1 0 1 1       #18
1 1 1 1 0 1 1 0 1 1       #19
1 1 1 0 1 1 1 0 1 1       #20
1 1 0 1 1 1 1 0 1 1       #21
1 0 1 1 1 1 1 0 1 1       #22
0 1 1 1 1 1 1 0 1 1       #23
1 1 1 1 1 0 0 1 1 1       #24
1 1 1 1 0 1 0 1 1 1       #25
1 1 1 0 1 1 0 1 1 1       #26
1 1 0 1 1 1 0 1 1 1       #27
1 0 1 1 1 1 0 1 1 1       #28
0 1 1 1 1 1 0 1 1 1       #29
1 1 1 1 0 0 1 1 1 1       #30
1 1 1 0 1 0 1 1 1 1       #31
1 1 0 1 1 0 1 1 1 1       #32
1 0 1 1 1 0 1 1 1 1       #33
0 1 1 1 1 0 1 1 1 1       #34
1 1 1 0 0 1 1 1 1 1       #35
1 1 0 1 0 1 1 1 1 1       #36
1 0 1 1 0 1 1 1 1 1       #37
0 1 1 1 0 1 1 1 1 1       #38
1 1 0 0 1 1 1 1 1 1       #39
1 0 1 0 1 1 1 1 1 1       #40
0 1 1 0 1 1 1 1 1 1       #41
1 0 0 1 1 1 1 1 1 1       #42
0 1 0 1 1 1 1 1 1 1       #43
0 0 1 1 1 1 1 1 1 1       #44
