# SIZE = 120
1 1 1 1 1 1 1 0 0 0       #0
1 1 1 1 1 1 0 1 0 0       #1
1 1 1 1 1 0 1 1 0 0       #2
1 1 1 1 0 1 1 1 0 0       #3
1 1 1 0 1 1 1 1 0 0       #4
1 1 0 1 1 1 1 1 0 0       #5
1 0 1 1 1 1 1 1 0 0       #6
0 1 1 1 1 1 1 1 0 0       #7
1 1 1 1 1 1 0 0 1 0       #8
1 1 1 1 1 0 1 0 1 0       #9
1 1 1 1 0 1 1 0 1 0       #10
1 1 1 0 1 1 1 0 1 0       #11
1 1 0 1 1 1 1 0 1 0       #12
1 0 1 1 1 1 1 0 1 0       #13
0 1 1 1 1 1 1 0 1 0       #14
1 1 1 1 1 0 0 1 1 0       #15
1 1 1 1 0 1 0 1 1 0       #16
1 1 1 0 1 1 0 1 1 0       #17
1 1 0 1 1 1 0 1 1 0       #18
1 0 1 1 1 1 0 1 1 0       #19
0 1 1 1 1 1 0 1 1 0       #20
1 1 1 1 0 0 1 1 1 0       #21
1 1 1 0 1 0 1 1 1 0       #22
1 1 0 1 1 0 1 1 1 0       #23
1 0 1 1 1 0 1 1 1 0       #24
0 1 1 1 1 0 1 1 1 0       #25
1 1 1 0 0 1 1 1 1 0       #26
1 1 0 1 0 1 1 1 1 0       #27
1 0 1 1 0 1 1 1 1 0       #28
0 1 1 1 0 1 1 1 1 0       #29
1 1 0 0 1 1 1 1 1 0       #30
1 0 1 0 1 1 1 1 1 0       #31
0 1 1 0 1 1 1 1 1 0       #32
1 0 0 1 1 1 1 1 1 0       #33
0 1 0 1 1 1 1 1 1 0       #34
0 0 1 1 1 1 1 1 1 0       #35
1 1 1 1 1 1 0 0 0 1       #36
1 1 1 1 1 0 1 0 0 1       #37
1 1 1 1 0 1 1 0 0 1       #38
1 1 1 0 1 1 1 0 0 1       #39
1 1 0 1 1 1 1 0 0 1       #40
1 0 1 1 1 1 1 0 0 1       #41
0 1 1 1 1 1 1 0 0 1       #42
1 1 1 1 1 0 0 1 0 1       #43
1 1 1 1 0 1 0 1 0 1       #44
1 1 1 0 1 1 0 1 0 1       #45
1 1 0 1 1 1 0 1 0 1       #46
1 0 1 1 1 1 0 1 0 1       #47
0 1 1 1 1 1 0 1 0 1       #48
1 1 1 1 0 0 1 1 0 1       #49
1 1 1 0 1 0 1 1 0 1       #50
1 1 0 1 1 0 1 1 0 1       #51
1 0 1 1 1 0 1 1 0 1       #52
0 1 1 1 1 0 1 1 0 1       #53
1 1 1 0 0 1 1 1 0 1       #54
1 1 0 1 0 1 1 1 0 1       #55
1 0 1 1 0 1 1 1 0 1       #56
0 1 1 1 0 1 1 1 0 1       #57
1 1 0 0 1 1 1 1 0 1       #58
1 0 1 0 1 1 1 1 0 1       #59
0 1 1 0 1 1 1 1 0 1       #60
1 0 0 1 1 1 1 1 0 1       #61
0 1 0 1 1 1 1 1 0 1       #62
0 0 1 1 1 1 1 1 0 1       #63
1 1 1 1 1 0 0 0 1 1       #64
1 1 1 1 0 1 0 0 1 1       #65
1 1 1 0 1 1 0 0 1 1       #66
1 1 0 1 1 1 0 0 1 1       #67
1 0 1 1 1 1 0 0 1 1       #68
0 1 1 1 1 1 0 0 1 1       #69
1 1 1 1 0 0 1 0 1 1       #70
1 1 1 0 1 0 1 0 1 1       #71
1 1 0 1 1 0 1 0 1 1       #72
1 0 1 1 1 0 1 0 1 1       #73
0 1 1 1 1 0 1 0 1 1       #74
1 1 1 0 0 1 1 0 1 1       #75
1 1 0 1 0 1 1 0 1 1       #76
1 0 1 1 0 1 1 0 1 1       #77
0 1 1 1 0 1 1 0 1 1       #78
1 1 0 0 1 1 1 0 1 1       #79
1 0 1 0 1 1 1 0 1 1       #80
0 1 1 0 1 1 1 0 1 1       #81
1 0 0 1 1 1 1 0 1 1       #82
0 1 0 1 1 1 1 0 1 1       #83
0 0 1 1 1 1 1 0 1 1       #84
1 1 1 1 0 0 0 1 1 1       #85
1 1 1 0 1 0 0 1 1 1       #86
1 1 0 1 1 0 0 1 1 1       #87
1 0 1 1 1 0 0 1 1 1       #88
0 1 1 1 1 0 0 1 1 1       #89
1 1 1 0 0 1 0 1 1 1       #90
1 1 0 1 0 1 0 1 1 1       #91
1 0 1 1 0 1 0 1 1 1       #92
0 1 1 1 0 1 0 1 1 1       #93
1 1 0 0 1 1 0 1 1 1       #94
1 0 1 0 1 1 0 1 1 1       #95
0 1 1 0 1 1 0 1 1 1       #96
1 0 0 1 1 1 0 1 1 1       #97
0 1 0 1 1 1 0 1 1 1       #98
0 0 1 1 1 1 0 1 1 1       #99
1 1 1 0 0 0 1 1 1 1       #100
1 1 0 1 0 0 1 1 1 1       #101
1 0 1 1 0 0 1 1 1 1       #102
0 1 1 1 0 0 1 1 1 1       #103
1 1 0 0 1 0 1 1 1 1       #104
1 0 1 0 1 0 1 1 1 1       #105
0 1 1 0 1 0 1 1 1 1       #106
1 0 0 1 1 0 1 1 1 1       #107
0 1 0 1 1 0 1 1 1 1       #108
0 0 1 1 1 0 1 1 1 1       #109
1 1 0 0 0 1 1 1 1 1       #110
1 0 1 0 0 1 1 1 1 1       #111
0 1 1 0 0 1 1 1 1 1       #112
1 0 0 1 0 1 1 1 1 1       #113
0 1 0 1 0 1 1 1 1 1       #114
0 0 1 1 0 1 1 1 1 1       #115
1 0 0 0 1 1 1 1 1 1       #116
0 1 0 0 1 1 1 1 1 1       #117
0 0 1 0 1 1 1 1 1 1       #118
0 0 0 1 1 1 1 1 1 1       #119
