# SIZE = 210
1 1 1 1 0 0 0 0 0 0       #0
1 1 1 0 1 0 0 0 0 0       #1
1 1 0 1 1 0 0 0 0 0       #2
1 0 1 1 1 0 0 0 0 0       #3
0 1 1 1 1 0 0 0 0 0       #4
1 1 1 0 0 1 0 0 0 0       #5
1 1 0 1 0 1 0 0 0 0       #6
1 0 1 1 0 1 0 0 0 0       #7
0 1 1 1 0 1 0 0 0 0       #8
1 1 0 0 1 1 0 0 0 0       #9
1 0 1 0 1 1 0 0 0 0       #10
0 1 1 0 1 1 0 0 0 0       #11
1 0 0 1 1 1 0 0 0 0       #12
0 1 0 1 1 1 0 0 0 0       #13
0 0 1 1 1 1 0 0 0 0       #14
1 1 1 0 0 0 1 0 0 0       #15
1 1 0 1 0 0 1 0 0 0       #16
1 0 1 1 0 0 1 0 0 0       #17
0 1 1 1 0 0 1 0 0 0       #18
1 1 0 0 1 0 1 0 0 0       #19
1 0 1 0 1 0 1 0 0 0       #20
0 1 1 0 1 0 1 0 0 0       #21
1 0 0 1 1 0 1 0 0 0       #22
0 1 0 1 1 0 1 0 0 0       #23
0 0 1 1 1 0 1 0 0 0       #24
1 1 0 0 0 1 1 0 0 0       #25
1 0 1 0 0 1 1 0 0 0       #26
0 1 1 0 0 1 1 0 0 0       #27
1 0 0 1 0 1 1 0 0 0       #28
0 1 0 1 0 1 1 0 0 0       #29
0 0 1 1 0 1 1 0 0 0       #30
1 0 0 0 1 1 1 0 0 0       #31
0 1 0 0 1 1 1 0 0 0       #32
0 0 1 0 1 1 1 0 0 0       #33
0 0 0 1 1 1 1 0 0 0       #34
1 1 1 0 0 0 0 1 0 0       #35
1 1 0 1 0 0 0 1 0 0       #36
1 0 1 1 0 0 0 1 0 0       #37
0 1 1 1 0 0 0 1 0 0       #38
1 1 0 0 1 0 0 1 0 0       #39
1 0 1 0 1 0 0 1 0 0       #40
0 1 1 0 1 0 0 1 0 0       #41
1 0 0 1 1 0 0 1 0 0       #42
0 1 0 1 1 0 0 1 0 0       #43
0 0 1 1 1 0 0 1 0 0       #44
1 1 0 0 0 1 0 1 0 0       #45
1 0 1 0 0 1 0 1 0 0       #46
0 1 1 0 0 1 0 1 0 0       #47
1 0 0 1 0 1 0 1 0 0       #48
0 1 0 1 0 1 0 1 0 0       #49
0 0 1 1 0 1 0 1 0 0       #50
1 0 0 0 1 1 0 1 0 0       #51
0 1 0 0 1 1 0 1 0 0       #52
0 0 1 0 1 1 0 1 0 0       #53
0 0 0 1 1 1 0 1 0 0       #54
1 1 0 0 0 0 1 1 0 0       #55
1 0 1 0 0 0 1 1 0 0       #56
0 1 1 0 0 0 1 1 0 0       #57
1 0 0 1 0 0 1 1 0 0       #58
0 1 0 1 0 0 1 1 0 0       #59
0 0 1 1 0 0 1 1 0 0       #60
1 0 0 0 1 0 1 1 0 0       #61
0 1 0 0 1 0 1 1 0 0       #62
0 0 1 0 1 0 1 1 0 0       #63
0 0 0 1 1 0 1 1 0 0       #64
1 0 0 0 0 1 1 1 0 0       #65
0 1 0 0 0 1 1 1 0 0       #66
0 0 1 0 0 1 1 1 0 0       #67
0 0 0 1 0 1 1 1 0 0       #68
0 0 0 0 1 1 1 1 0 0       #69
1 1 1 0 0 0 0 0 1 0       #70
1 1 0 1 0 0 0 0 1 0       #71
1 0 1 1 0 0 0 0 1 0       #72
0 1 1 1 0 0 0 0 1 0       #73
1 1 0 0 1 0 0 0 1 0       #74
1 0 1 0 1 0 0 0 1 0       #75
0 1 1 0 1 0 0 0 1 0       #76
1 0 0 1 1 0 0 0 1 0       #77
0 1 0 1 1 0 0 0 1 0       #78
0 0 1 1 1 0 0 0 1 0       #79
1 1 0 0 0 1 0 0 1 0       #80
1 0 1 0 0 1 0 0 1 0       #81
0 1 1 0 0 1 0 0 1 0       #82
1 0 0 1 0 1 0 0 1 0       #83
0 1 0 1 0 1 0 0 1 0       #84
0 0 1 1 0 1 0 0 1 0       #85
1 0 0 0 1 1 0 0 1 0       #86
0 1 0 0 1 1 0 0 1 0       #87
0 0 1 0 1 1 0 0 1 0       #88
0 0 0 1 1 1 0 0 1 0       #89
1 1 0 0 0 0 1 0 1 0       #90
1 0 1 0 0 0 1 0 1 0       #91
0 1 1 0 0 0 1 0 1 0       #92
1 0 0 1 0 0 1 0 1 0       #93
0 1 0 1 0 0 1 0 1 0       #94
0 0 1 1 0 0 1 0 1 0       #95
1 0 0 0 1 0 1 0 1 0       #96
0 1 0 0 1 0 1 0 1 0       #97
0 0 1 0 1 0 1 0 1 0       #98
0 0 0 1 1 0 1 0 1 0       #99
1 0 0 0 0 1 1 0 1 0       #100
0 1 0 0 0 1 1 0 1 0       #101
0 0 1 0 0 1 1 0 1 0       #102
0 0 0 1 0 1 1 0 1 0       #103
0 0 0 0 1 1 1 0 1 0       #104
1 1 0 0 0 0 0 1 1 0       #105
1 0 1 0 0 0 0 1 1 0       #106
0 1 1 0 0 0 0 1 1 0       #107
1 0 0 1 0 0 0 1 1 0       #108
0 1 0 1 0 0 0 1 1 0       #109
0 0 1 1 0 0 0 1 1 0       #110
1 0 0 0 1 0 0 1 1 0       #111
0 1 0 0 1 0 0 1 1 0       #112
0 0 1 0 1 0 0 1 1 0       #113
0 0 0 1 1 0 0 1 1 0       #114
1 0 0 0 0 1 0 1 1 0       #115
0 1 0 0 0 1 0 1 1 0       #116
0 0 1 0 0 1 0 1 1 0       #117
0 0 0 1 0 1 0 1 1 0       #118
0 0 0 0 1 1 0 1 1 0       #119
1 0 0 0 0 0 1 1 1 0       #120
0 1 0 0 0 0 1 1 1 0       #121
0 0 1 0 0 0 1 1 1 0       #122
0 0 0 1 0 0 1 1 1 0       #123
0 0 0 0 1 0 1 1 1 0       #124
0 0 0 0 0 1 1 1 1 0       #125
1 1 1 0 0 0 0 0 0 1       #126
1 1 0 1 0 0 0 0 0 1       #127
1 0 1 1 0 0 0 0 0 1       #128
0 1 1 1 0 0 0 0 0 1       #129
1 1 0 0 1 0 0 0 0 1       #130
1 0 1 0 1 0 0 0 0 1       #131
0 1 1 0 1 0 0 0 0 1       #132
1 0 0 1 1 0 0 0 0 1       #133
0 1 0 1 1 0 0 0 0 1       #134
0 0 1 1 1 0 0 0 0 1       #135
1 1 0 0 0 1 0 0 0 1       #136
1 0 1 0 0 1 0 0 0 1       #137
0 1 1 0 0 1 0 0 0 1       #138
1 0 0 1 0 1 0 0 0 1       #139
0 1 0 1 0 1 0 0 0 1       #140
0 0 1 1 0 1 0 0 0 1       #141
1 0 0 0 1 1 0 0 0 1       #142
0 1 0 0 1 1 0 0 0 1       #143
0 0 1 0 1 1 0 0 0 1       #144
0 0 0 1 1 1 0 0 0 1       #145
1 1 0 0 0 0 1 0 0 1       #146
1 0 1 0 0 0 1 0 0 1       #147
0 1 1 0 0 0 1 0 0 1       #148
1 0 0 1 0 0 1 0 0 1       #149
0 1 0 1 0 0 1 0 0 1       #150
0 0 1 1 0 0 1 0 0 1       #151
1 0 0 0 1 0 1 0 0 1       #152
0 1 0 0 1 0 1 0 0 1       #153
0 0 1 0 1 0 1 0 0 1       #154
0 0 0 1 1 0 1 0 0 1       #155
1 0 0 0 0 1 1 0 0 1       #156
0 1 0 0 0 1 1 0 0 1       #157
0 0 1 0 0 1 1 0 0 1       #158
0 0 0 1 0 1 1 0 0 1       #159
0 0 0 0 1 1 1 0 0 1       #160
1 1 0 0 0 0 0 1 0 1       #161
1 0 1 0 0 0 0 1 0 1       #162
0 1 1 0 0 0 0 1 0 1       #163
1 0 0 1 0 0 0 1 0 1       #164
0 1 0 1 0 0 0 1 0 1       #165
0 0 1 1 0 0 0 1 0 1       #166
1 0 0 0 1 0 0 1 0 1       #167
0 1 0 0 1 0 0 1 0 1       #168
0 0 1 0 1 0 0 1 0 1       #169
0 0 0 1 1 0 0 1 0 1       #170
1 0 0 0 0 1 0 1 0 1       #171
0 1 0 0 0 1 0 1 0 1       #172
0 0 1 0 0 1 0 1 0 1       #173
0 0 0 1 0 1 0 1 0 1       #174
0 0 0 0 1 1 0 1 0 1       #175
1 0 0 0 0 0 1 1 0 1       #176
0 1 0 0 0 0 1 1 0 1       #177
0 0 1 0 0 0 1 1 0 1       #178
0 0 0 1 0 0 1 1 0 1       #179
0 0 0 0 1 0 1 1 0 1       #180
0 0 0 0 0 1 1 1 0 1       #181
1 1 0 0 0 0 0 0 1 1       #182
1 0 1 0 0 0 0 0 1 1       #183
0 1 1 0 0 0 0 0 1 1       #184
1 0 0 1 0 0 0 0 1 1       #185
0 1 0 1 0 0 0 0 1 1       #186
0 0 1 1 0 0 0 0 1 1       #187
1 0 0 0 1 0 0 0 1 1       #188
0 1 0 0 1 0 0 0 1 1       #189
0 0 1 0 1 0 0 0 1 1       #190
0 0 0 1 1 0 0 0 1 1       #191
1 0 0 0 0 1 0 0 1 1       #192
0 1 0 0 0 1 0 0 1 1       #193
0 0 1 0 0 1 0 0 1 1       #194
0 0 0 1 0 1 0 0 1 1       #195
0 0 0 0 1 1 0 0 1 1       #196
1 0 0 0 0 0 1 0 1 1       #197
0 1 0 0 0 0 1 0 1 1       #198
0 0 1 0 0 0 1 0 1 1       #199
0 0 0 1 0 0 1 0 1 1       #200
0 0 0 0 1 0 1 0 1 1       #201
0 0 0 0 0 1 1 0 1 1       #202
1 0 0 0 0 0 0 1 1 1       #203
0 1 0 0 0 0 0 1 1 1       #204
0 0 1 0 0 0 0 1 1 1       #205
0 0 0 1 0 0 0 1 1 1       #206
0 0 0 0 1 0 0 1 1 1       #207
0 0 0 0 0 1 0 1 1 1       #208
0 0 0 0 0 0 1 1 1 1       #209
