# SIZE = 210
1 1 1 1 1 1 0 0 0 0       #0
1 1 1 1 1 0 1 0 0 0       #1
1 1 1 1 0 1 1 0 0 0       #2
1 1 1 0 1 1 1 0 0 0       #3
1 1 0 1 1 1 1 0 0 0       #4
1 0 1 1 1 1 1 0 0 0       #5
0 1 1 1 1 1 1 0 0 0       #6
1 1 1 1 1 0 0 1 0 0       #7
1 1 1 1 0 1 0 1 0 0       #8
1 1 1 0 1 1 0 1 0 0       #9
1 1 0 1 1 1 0 1 0 0       #10
1 0 1 1 1 1 0 1 0 0       #11
0 1 1 1 1 1 0 1 0 0       #12
1 1 1 1 0 0 1 1 0 0       #13
1 1 1 0 1 0 1 1 0 0       #14
1 1 0 1 1 0 1 1 0 0       #15
1 0 1 1 1 0 1 1 0 0       #16
0 1 1 1 1 0 1 1 0 0       #17
1 1 1 0 0 1 1 1 0 0       #18
1 1 0 1 0 1 1 1 0 0       #19
1 0 1 1 0 1 1 1 0 0       #20
0 1 1 1 0 1 1 1 0 0       #21
1 1 0 0 1 1 1 1 0 0       #22
1 0 1 0 1 1 1 1 0 0       #23
0 1 1 0 1 1 1 1 0 0       #24
1 0 0 1 1 1 1 1 0 0       #25
0 1 0 1 1 1 1 1 0 0       #26
0 0 1 1 1 1 1 1 0 0       #27
1 1 1 1 1 0 0 0 1 0       #28
1 1 1 1 0 1 0 0 1 0       #29
1 1 1 0 1 1 0 0 1 0       #30
1 1 0 1 1 1 0 0 1 0       #31
1 0 1 1 1 1 0 0 1 0       #32
0 1 1 1 1 1 0 0 1 0       #33
1 1 1 1 0 0 1 0 1 0       #34
1 1 1 0 1 0 1 0 1 0       #35
1 1 0 1 1 0 1 0 1 0       #36
1 0 1 1 1 0 1 0 1 0       #37
0 1 1 1 1 0 1 0 1 0       #38
1 1 1 0 0 1 1 0 1 0       #39
1 1 0 1 0 1 1 0 1 0       #40
1 0 1 1 0 1 1 0 1 0       #41
0 1 1 1 0 1 1 0 1 0       #42
1 1 0 0 1 1 1 0 1 0       #43
1 0 1 0 1 1 1 0 1 0       #44
0 1 1 0 1 1 1 0 1 0       #45
1 0 0 1 1 1 1 0 1 0       #46
0 1 0 1 1 1 1 0 1 0       #47
0 0 1 1 1 1 1 0 1 0       #48
1 1 1 1 0 0 0 1 1 0       #49
1 1 1 0 1 0 0 1 1 0       #50
1 1 0 1 1 0 0 1 1 0       #51
1 0 1 1 1 0 0 1 1 0       #52
0 1 1 1 1 0 0 1 1 0       #53
1 1 1 0 0 1 0 1 1 0       #54
1 1 0 1 0 1 0 1 1 0       #55
1 0 1 1 0 1 0 1 1 0       #56
0 1 1 1 0 1 0 1 1 0       #57
1 1 0 0 1 1 0 1 1 0       #58
1 0 1 0 1 1 0 1 1 0       #59
0 1 1 0 1 1 0 1 1 0       #60
1 0 0 1 1 1 0 1 1 0       #61
0 1 0 1 1 1 0 1 1 0       #62
0 0 1 1 1 1 0 1 1 0       #63
1 1 1 0 0 0 1 1 1 0       #64
1 1 0 1 0 0 1 1 1 0       #65
1 0 1 1 0 0 1 1 1 0       #66
0 1 1 1 0 0 1 1 1 0       #67
1 1 0 0 1 0 1 1 1 0       #68
1 0 1 0 1 0 1 1 1 0       #69
0 1 1 0 1 0 1 1 1 0       #70
1 0 0 1 1 0 1 1 1 0       #71
0 1 0 1 1 0 1 1 1 0       #72
0 0 1 1 1 0 1 1 1 0       #73
1 1 0 0 0 1 1 1 1 0       #74
1 0 1 0 0 1 1 1 1 0       #75
0 1 1 0 0 1 1 1 1 0       #76
1 0 0 1 0 1 1 1 1 0       #77
0 1 0 1 0 1 1 1 1 0       #78
0 0 1 1 0 1 1 1 1 0       #79
1 0 0 0 1 1 1 1 1 0       #80
0 1 0 0 1 1 1 1 1 0       #81
0 0 1 0 1 1 1 1 1 0       #82
0 0 0 1 1 1 1 1 1 0       #83
1 1 1 1 1 0 0 0 0 1       #84
1 1 1 1 0 1 0 0 0 1       #85
1 1 1 0 1 1 0 0 0 1       #86
1 1 0 1 1 1 0 0 0 1       #87
1 0 1 1 1 1 0 0 0 1       #88
0 1 1 1 1 1 0 0 0 1       #89
1 1 1 1 0 0 1 0 0 1       #90
1 1 1 0 1 0 1 0 0 1       #91
1 1 0 1 1 0 1 0 0 1       #92
1 0 1 1 1 0 1 0 0 1       #93
0 1 1 1 1 0 1 0 0 1       #94
1 1 1 0 0 1 1 0 0 1       #95
1 1 0 1 0 1 1 0 0 1       #96
1 0 1 1 0 1 1 0 0 1       #97
0 1 1 1 0 1 1 0 0 1       #98
1 1 0 0 1 1 1 0 0 1       #99
1 0 1 0 1 1 1 0 0 1       #100
0 1 1 0 1 1 1 0 0 1       #101
1 0 0 1 1 1 1 0 0 1       #102
0 1 0 1 1 1 1 0 0 1       #103
0 0 1 1 1 1 1 0 0 1       #104
1 1 1 1 0 0 0 1 0 1       #105
1 1 1 0 1 0 0 1 0 1       #106
1 1 0 1 1 0 0 1 0 1       #107
1 0 1 1 1 0 0 1 0 1       #108
0 1 1 1 1 0 0 1 0 1       #109
1 1 1 0 0 1 0 1 0 1       #110
1 1 0 1 0 1 0 1 0 1       #111
1 0 1 1 0 1 0 1 0 1       #112
0 1 1 1 0 1 0 1 0 1       #113
1 1 0 0 1 1 0 1 0 1       #114
1 0 1 0 1 1 0 1 0 1       #115
0 1 1 0 1 1 0 1 0 1       #116
1 0 0 1 1 1 0 1 0 1       #117
0 1 0 1 1 1 0 1 0 1       #118
0 0 1 1 1 1 0 1 0 1       #119
1 1 1 0 0 0 1 1 0 1       #120
1 1 0 1 0 0 1 1 0 1       #121
1 0 1 1 0 0 1 1 0 1       #122
0 1 1 1 0 0 1 1 0 1       #123
1 1 0 0 1 0 1 1 0 1       #124
1 0 1 0 1 0 1 1 0 1       #125
0 1 1 0 1 0 1 1 0 1       #126
1 0 0 1 1 0 1 1 0 1       #127
0 1 0 1 1 0 1 1 0 1       #128
0 0 1 1 1 0 1 1 0 1       #129
1 1 0 0 0 1 1 1 0 1       #130
1 0 1 0 0 1 1 1 0 1       #131
0 1 1 0 0 1 1 1 0 1       #132
1 0 0 1 0 1 1 1 0 1       #133
0 1 0 1 0 1 1 1 0 1       #134
0 0 1 1 0 1 1 1 0 1       #135
1 0 0 0 1 1 1 1 0 1       #136
0 1 0 0 1 1 1 1 0 1       #137
0 0 1 0 1 1 1 1 0 1       #138
0 0 0 1 1 1 1 1 0 1       #139
1 1 1 1 0 0 0 0 1 1       #140
1 1 1 0 1 0 0 0 1 1       #141
1 1 0 1 1 0 0 0 1 1       #142
1 0 1 1 1 0 0 0 1 1       #143
0 1 1 1 1 0 0 0 1 1       #144
1 1 1 0 0 1 0 0 1 1       #145
1 1 0 1 0 1 0 0 1 1       #146
1 0 1 1 0 1 0 0 1 1       #147
0 1 1 1 0 1 0 0 1 1       #148
1 1 0 0 1 1 0 0 1 1       #149
1 0 1 0 1 1 0 0 1 1       #150
0 1 1 0 1 1 0 0 1 1       #151
1 0 0 1 1 1 0 0 1 1       #152
0 1 0 1 1 1 0 0 1 1       #153
0 0 1 1 1 1 0 0 1 1       #154
1 1 1 0 0 0 1 0 1 1       #155
1 1 0 1 0 0 1 0 1 1       #156
1 0 1 1 0 0 1 0 1 1       #157
0 1 1 1 0 0 1 0 1 1       #158
1 1 0 0 1 0 1 0 1 1       #159
1 0 1 0 1 0 1 0 1 1       #160
0 1 1 0 1 0 1 0 1 1       #161
1 0 0 1 1 0 1 0 1 1       #162
0 1 0 1 1 0 1 0 1 1       #163
0 0 1 1 1 0 1 0 1 1       #164
1 1 0 0 0 1 1 0 1 1       #165
1 0 1 0 0 1 1 0 1 1       #166
0 1 1 0 0 1 1 0 1 1       #167
1 0 0 1 0 1 1 0 1 1       #168
0 1 0 1 0 1 1 0 1 1       #169
0 0 1 1 0 1 1 0 1 1       #170
1 0 0 0 1 1 1 0 1 1       #171
0 1 0 0 1 1 1 0 1 1       #172
0 0 1 0 1 1 1 0 1 1       #173
0 0 0 1 1 1 1 0 1 1       #174
1 1 1 0 0 0 0 1 1 1       #175
1 1 0 1 0 0 0 1 1 1       #176
1 0 1 1 0 0 0 1 1 1       #177
0 1 1 1 0 0 0 1 1 1       #178
1 1 0 0 1 0 0 1 1 1       #179
1 0 1 0 1 0 0 1 1 1       #180
0 1 1 0 1 0 0 1 1 1       #181
1 0 0 1 1 0 0 1 1 1       #182
0 1 0 1 1 0 0 1 1 1       #183
0 0 1 1 1 0 0 1 1 1       #184
1 1 0 0 0 1 0 1 1 1       #185
1 0 1 0 0 1 0 1 1 1       #186
0 1 1 0 0 1 0 1 1 1       #187
1 0 0 1 0 1 0 1 1 1       #188
0 1 0 1 0 1 0 1 1 1       #189
0 0 1 1 0 1 0 1 1 1       #190
1 0 0 0 1 1 0 1 1 1       #191
0 1 0 0 1 1 0 1 1 1       #192
0 0 1 0 1 1 0 1 1 1       #193
0 0 0 1 1 1 0 1 1 1       #194
1 1 0 0 0 0 1 1 1 1       #195
1 0 1 0 0 0 1 1 1 1       #196
0 1 1 0 0 0 1 1 1 1       #197
1 0 0 1 0 0 1 1 1 1       #198
0 1 0 1 0 0 1 1 1 1       #199
0 0 1 1 0 0 1 1 1 1       #200
1 0 0 0 1 0 1 1 1 1       #201
0 1 0 0 1 0 1 1 1 1       #202
0 0 1 0 1 0 1 1 1 1       #203
0 0 0 1 1 0 1 1 1 1       #204
1 0 0 0 0 1 1 1 1 1       #205
0 1 0 0 0 1 1 1 1 1       #206
0 0 1 0 0 1 1 1 1 1       #207
0 0 0 1 0 1 1 1 1 1       #208
0 0 0 0 1 1 1 1 1 1       #209
