# Energy [GHz], Energy [meV], Lx, Ly, Lz, Sx, Sy, Sz
  0.000000      0.000000         0.000         0.000         0.000         0.000         0.000        -1.000    
  0.000000      0.000000         0.000         0.000         0.000         0.000         0.000         1.000    
  0.000000      0.000000        -0.000         0.000        -0.000        -0.000         0.000        -0.000    
  0.000000      0.000000         0.000         0.000        -2.000         0.000         0.000        -0.000    
  0.000000      0.000000         0.000         0.000         1.948        -0.000         0.000        -0.013    
  0.000000      0.000000         0.000         0.000         2.000         0.000         0.000         1.000    
  0.000000      0.000000         0.000         0.000        -2.000         0.000         0.000         1.000    
  0.000000      0.000000        -0.000         0.000        -1.948        -0.000         0.000        -0.987    
  0.000000      0.000000         0.000         0.000         2.000         0.000         0.000        -1.000    
  0.000000      0.000000         0.000         0.000         3.000         0.000         0.000         1.000    
  0.000000      0.000000         0.000         0.000        -3.000         0.000         0.000         1.000    
  0.000000      0.000000         0.000         0.000         3.000         0.000         0.000        -1.000    
  0.000000      0.000000        -0.000         0.000        -3.000         0.000         0.000        -1.000    
  0.000000      0.000000        -0.000         0.000         3.000         0.000         0.000        -0.000    
  0.000000      0.000000         0.000         0.000        -3.000         0.000         0.000         0.000    
  0.000000      0.000000        -0.000         0.000         0.989         0.001         0.000        -1.000    
  0.000000      0.000000        -0.000         0.000        -1.000        -0.000         0.000        -0.000    
  0.000000      0.000000         0.000         0.000         1.000         0.000         0.000         1.000    
  0.000000      0.000000         0.000         0.000        -0.987        -0.003         0.000        -0.999    
  0.000000      0.000000         0.000         0.000        -1.000         0.000         0.000         1.000    
  0.000000      0.000000        -0.000         0.000         0.998         0.002         0.000        -0.001    
828053.204353    3424.000000         0.000         0.000        -0.000         0.000         0.000        -0.000    
828053.204353    3424.000000        -0.000         0.000        -2.000         0.000         0.000        -0.000    
828053.204353    3424.000000        -0.000         0.000         2.000        -0.000         0.000        -0.000    
828053.204353    3424.000000         0.000         0.000        -1.000        -0.000         0.000        -0.000    
828053.204353    3424.000000         0.000         0.000         1.000        -0.000         0.000        -0.000    
958887.545345    3965.000000        -0.000         0.000         0.000         0.000         0.000        -0.000    
958887.545345    3965.000000         0.000         0.000         0.000         0.000         0.000         1.000    
958887.545345    3965.000000        -0.000         0.000         0.000        -0.000         0.000        -1.000    
958887.545345    3965.000000         0.000         0.000        -1.000         0.000         0.000         1.000    
958887.545345    3965.000000         0.000         0.000         1.000         0.000         0.000        -1.000    
958887.545345    3965.000000         0.000         0.000        -1.000        -0.000         0.000        -0.000    
958887.545345    3965.000000         0.000         0.000        -1.000         0.000         0.000        -1.000    
958887.545345    3965.000000        -0.000         0.000         1.000         0.000         0.000         1.000    
958887.545345    3965.000000         0.000         0.000         1.000        -0.000         0.000        -0.000    
1275695.284160    5275.000000         0.000         0.000         4.000         0.000         0.000        -0.000    
1275695.284160    5275.000000         0.000         0.000        -4.000         0.000         0.000         0.000    
1275695.284160    5275.000000        -0.000         0.000        -0.000        -0.000         0.000        -0.000    
1275695.284160    5275.000000         0.000         0.000        -2.000        -0.000         0.000        -0.000    
1275695.284160    5275.000000        -0.000         0.000         2.000        -0.000         0.000        -0.000    
1275695.284160    5275.000000         0.000         0.000        -3.000         0.000         0.000         0.000    
1275695.284160    5275.000000         0.000         0.000         3.000         0.000         0.000        -0.000    
1275695.284160    5275.000000         0.000         0.000         1.000         0.000         0.000        -0.000    
1275695.284160    5275.000000        -0.000         0.000        -1.000        -0.000         0.000        -0.000    
3186215.235792    13175.000000         0.000         0.000        -0.000         0.000         0.000        -0.000    
